2025-08-31 07:22:06,401 INFO o.a.j.u.JMeterUtils: Setting Locale to en_EN
2025-08-31 07:22:06,425 INFO o.a.j.JMeter: Loading user properties from: C:\apache-jmeter-5.6.3\bin\user.properties
2025-08-31 07:22:06,425 INFO o.a.j.JMeter: Loading system properties from: C:\apache-jmeter-5.6.3\bin\system.properties
2025-08-31 07:22:06,436 INFO o.a.j.JMeter: Copyright (c) 1998-2024 The Apache Software Foundation
2025-08-31 07:22:06,436 INFO o.a.j.JMeter: Version 5.6.3
2025-08-31 07:22:06,436 INFO o.a.j.JMeter: java.version=23
2025-08-31 07:22:06,436 INFO o.a.j.JMeter: java.vm.name=Java HotSpot(TM) 64-Bit Server VM
2025-08-31 07:22:06,436 INFO o.a.j.JMeter: os.name=Windows 11
2025-08-31 07:22:06,436 INFO o.a.j.JMeter: os.arch=amd64
2025-08-31 07:22:06,436 INFO o.a.j.JMeter: os.version=10.0
2025-08-31 07:22:06,437 INFO o.a.j.JMeter: file.encoding=UTF-8
2025-08-31 07:22:06,437 INFO o.a.j.JMeter: java.awt.headless=true
2025-08-31 07:22:06,437 INFO o.a.j.JMeter: Max memory     =1073741824
2025-08-31 07:22:06,437 INFO o.a.j.JMeter: Available Processors =12
2025-08-31 07:22:06,456 INFO o.a.j.JMeter: Default Locale=English (EN)
2025-08-31 07:22:06,457 INFO o.a.j.JMeter: JMeter  Locale=English (EN)
2025-08-31 07:22:06,457 INFO o.a.j.JMeter: JMeterHome=C:\apache-jmeter-5.6.3
2025-08-31 07:22:06,457 INFO o.a.j.JMeter: user.dir  =C:\Users\User\OneDrive\Documentos\AUTOMATIZACIONES\cypress-proyecto base\jmeter
2025-08-31 07:22:06,458 INFO o.a.j.JMeter: PWD       =C:\Users\User\OneDrive\Documentos\AUTOMATIZACIONES\cypress-proyecto base\jmeter
2025-08-31 07:22:06,460 INFO o.a.j.JMeter: IP: 192.168.1.4 Name: HAROLDPINEDA FullName: HAROLDPINEDA
2025-08-31 07:22:06,469 INFO o.a.j.JMeter: Setting property 'jmeter.reportgenerator.outputdir' to:'C:\Users\User\OneDrive\Documentos\AUTOMATIZACIONES\cypress-proyecto base\jmeter\.\report'
2025-08-31 07:22:06,478 INFO o.a.j.s.FileServer: Default base='C:\Users\User\OneDrive\Documentos\AUTOMATIZACIONES\cypress-proyecto base\jmeter'
2025-08-31 07:22:06,478 INFO o.a.j.s.FileServer: Set new base='C:\Users\User\OneDrive\Documentos\AUTOMATIZACIONES\cypress-proyecto base\jmeter'
2025-08-31 07:22:06,786 INFO o.a.j.s.SaveService: Testplan (JMX) version: 2.2. Testlog (JTL) version: 2.2
2025-08-31 07:22:06,818 INFO o.a.j.s.SaveService: Using SaveService properties version 5.0
2025-08-31 07:22:06,821 INFO o.a.j.s.SaveService: Using SaveService properties file encoding UTF-8
2025-08-31 07:22:06,825 INFO o.a.j.s.SaveService: Loading file: techavl.jmx
2025-08-31 07:22:06,870 INFO o.a.j.p.h.s.HTTPSamplerBase: Parser for text/html is org.apache.jmeter.protocol.http.parser.LagartoBasedHtmlParser
2025-08-31 07:22:06,870 INFO o.a.j.p.h.s.HTTPSamplerBase: Parser for application/xhtml+xml is org.apache.jmeter.protocol.http.parser.LagartoBasedHtmlParser
2025-08-31 07:22:06,870 INFO o.a.j.p.h.s.HTTPSamplerBase: Parser for application/xml is org.apache.jmeter.protocol.http.parser.LagartoBasedHtmlParser
2025-08-31 07:22:06,870 INFO o.a.j.p.h.s.HTTPSamplerBase: Parser for text/xml is org.apache.jmeter.protocol.http.parser.LagartoBasedHtmlParser
2025-08-31 07:22:06,870 INFO o.a.j.p.h.s.HTTPSamplerBase: Parser for text/vnd.wap.wml is org.apache.jmeter.protocol.http.parser.RegexpHTMLParser
2025-08-31 07:22:06,870 INFO o.a.j.p.h.s.HTTPSamplerBase: Parser for text/css is org.apache.jmeter.protocol.http.parser.CssParser
2025-08-31 07:22:06,900 INFO o.a.j.JMeter: Creating summariser <summary>
2025-08-31 07:22:06,901 INFO o.a.j.r.d.ReportGenerator: ReportGenerator will use for Parsing the separator: ','
2025-08-31 07:22:06,901 INFO o.a.j.r.d.ReportGenerator: Will generate report at end of test from  results file: results.jtl
2025-08-31 07:22:06,901 INFO o.a.j.r.d.ReportGenerator: Reading report generator properties from: C:\apache-jmeter-5.6.3\bin\reportgenerator.properties
2025-08-31 07:22:06,938 INFO o.a.j.r.d.ReportGenerator: Merging with JMeter properties
2025-08-31 07:22:06,943 INFO o.a.j.r.c.ReportGeneratorConfiguration: Property 'jmeter.reportgenerator.temp_dir' not found, using default value 'temp' instead.
2025-08-31 07:22:06,946 INFO o.a.j.r.c.ReportGeneratorConfiguration: Property 'jmeter.reportgenerator.apdex_per_transaction' not found, using default value 'null' instead.
2025-08-31 07:22:06,946 INFO o.a.j.r.c.ReportGeneratorConfiguration: apdex_per_transaction is empty, not APDEX per transaction customization
2025-08-31 07:22:06,947 INFO o.a.j.r.c.ReportGeneratorConfiguration: Property 'jmeter.reportgenerator.sample_filter' not found, using default value 'null' instead.
2025-08-31 07:22:06,947 INFO o.a.j.r.c.ReportGeneratorConfiguration: Property 'jmeter.reportgenerator.report_title' not found, using default value 'null' instead.
2025-08-31 07:22:06,947 INFO o.a.j.r.c.ReportGeneratorConfiguration: Property 'jmeter.reportgenerator.start_date' not found, using default value 'null' instead.
2025-08-31 07:22:06,947 INFO o.a.j.r.c.ReportGeneratorConfiguration: Property 'jmeter.reportgenerator.end_date' not found, using default value 'null' instead.
2025-08-31 07:22:06,947 INFO o.a.j.r.c.ReportGeneratorConfiguration: Property 'jmeter.reportgenerator.date_format' not found, using default value 'null' instead.
2025-08-31 07:22:06,947 INFO o.a.j.r.c.ReportGeneratorConfiguration: Will use date range start date: null, end date: null
2025-08-31 07:22:06,950 INFO o.a.j.r.c.ReportGeneratorConfiguration: Property 'jmeter.reportgenerator.graph.totalTPS.exclude_controllers' not found, using default value 'false' instead.
2025-08-31 07:22:06,950 INFO o.a.j.r.c.ReportGeneratorConfiguration: Property 'jmeter.reportgenerator.graph.activeThreadsOverTime.exclude_controllers' not found, using default value 'false' instead.
2025-08-31 07:22:06,950 INFO o.a.j.r.c.ReportGeneratorConfiguration: Property 'jmeter.reportgenerator.graph.timeVsThreads.exclude_controllers' not found, using default value 'false' instead.
2025-08-31 07:22:06,950 INFO o.a.j.r.c.ReportGeneratorConfiguration: Property 'jmeter.reportgenerator.graph.responseTimeDistribution.exclude_controllers' not found, using default value 'false' instead.
2025-08-31 07:22:06,950 INFO o.a.j.r.c.ReportGeneratorConfiguration: Property 'jmeter.reportgenerator.graph.transactionsPerSecond.exclude_controllers' not found, using default value 'false' instead.
2025-08-31 07:22:06,950 INFO o.a.j.r.c.ReportGeneratorConfiguration: Property 'jmeter.reportgenerator.graph.responseTimePercentiles.exclude_controllers' not found, using default value 'false' instead.
2025-08-31 07:22:06,950 INFO o.a.j.r.c.ReportGeneratorConfiguration: Property 'jmeter.reportgenerator.graph.responseTimePercentilesOverTime.exclude_controllers' not found, using default value 'false' instead.
2025-08-31 07:22:06,950 INFO o.a.j.r.c.ReportGeneratorConfiguration: Property 'jmeter.reportgenerator.graph.responseTimesOverTime.exclude_controllers' not found, using default value 'false' instead.
2025-08-31 07:22:06,950 INFO o.a.j.r.c.ReportGeneratorConfiguration: Property 'jmeter.reportgenerator.graph.connectTimeOverTime.exclude_controllers' not found, using default value 'false' instead.
2025-08-31 07:22:06,950 INFO o.a.j.r.c.ReportGeneratorConfiguration: Property 'jmeter.reportgenerator.graph.latenciesOverTime.exclude_controllers' not found, using default value 'false' instead.
2025-08-31 07:22:06,951 INFO o.a.j.r.c.ReportGeneratorConfiguration: Property 'jmeter.reportgenerator.exporter.json.filters_only_sample_series' not found, using default value 'true' instead.
2025-08-31 07:22:06,951 INFO o.a.j.r.c.ReportGeneratorConfiguration: Property 'jmeter.reportgenerator.exporter.json.series_filter' not found, using default value '' instead.
2025-08-31 07:22:06,951 INFO o.a.j.r.c.ReportGeneratorConfiguration: Property 'jmeter.reportgenerator.exporter.json.show_controllers_only' not found, using default value 'false' instead.
2025-08-31 07:22:06,951 INFO o.a.j.r.c.ReportGeneratorConfiguration: Property 'jmeter.reportgenerator.exporter.html.filters_only_sample_series' not found, using default value 'true' instead.
2025-08-31 07:22:06,951 INFO o.a.j.r.c.ReportGeneratorConfiguration: Property 'jmeter.reportgenerator.exporter.html.series_filter' not found, using default value '' instead.
2025-08-31 07:22:06,951 INFO o.a.j.r.c.ReportGeneratorConfiguration: Property 'jmeter.reportgenerator.exporter.html.show_controllers_only' not found, using default value 'false' instead.
2025-08-31 07:22:06,970 INFO o.a.j.e.StandardJMeterEngine: Running the test!
2025-08-31 07:22:06,970 INFO o.a.j.s.SampleEvent: List of sample_variables: []
2025-08-31 07:22:06,970 INFO o.a.j.s.SampleEvent: List of sample_variables: []
2025-08-31 07:22:06,979 INFO o.a.j.e.u.CompoundVariable: Note: Function class names must contain the string: '.functions.'
2025-08-31 07:22:06,980 INFO o.a.j.e.u.CompoundVariable: Note: Function class names must not contain the string: '.gui.'
2025-08-31 07:22:07,056 INFO o.a.j.JMeter: Running test (1756642927056)
2025-08-31 07:22:07,073 INFO o.a.j.e.StandardJMeterEngine: Starting ThreadGroup: 1 : Ramp 1-30 (45s)
2025-08-31 07:22:07,073 INFO o.a.j.e.StandardJMeterEngine: Starting 30 threads for group Ramp 1-30 (45s).
2025-08-31 07:22:07,073 INFO o.a.j.e.StandardJMeterEngine: Thread will continue on error
2025-08-31 07:22:07,073 INFO o.a.j.t.ThreadGroup: Starting thread group... number=1 threads=30 ramp-up=45 delayedStart=false
2025-08-31 07:22:07,092 INFO o.a.j.t.JMeterThread: Thread started: Ramp 1-30 (45s) 1-1
2025-08-31 07:22:07,096 INFO o.a.j.t.ThreadGroup: Started thread group number 1
2025-08-31 07:22:07,096 INFO o.a.j.e.StandardJMeterEngine: All thread groups have been started
2025-08-31 07:22:07,112 INFO o.a.j.p.h.s.HTTPHCAbstractImpl: Local host = HAROLDPINEDA
2025-08-31 07:22:07,116 INFO o.a.j.p.h.s.HTTPHC4Impl: HTTP request retry count = 0
2025-08-31 07:22:07,117 INFO o.a.j.s.SampleResult: Note: Sample TimeStamps are START times
2025-08-31 07:22:07,117 INFO o.a.j.s.SampleResult: sampleresult.default.encoding is set to UTF-8
2025-08-31 07:22:07,117 INFO o.a.j.s.SampleResult: sampleresult.useNanoTime=true
2025-08-31 07:22:07,117 INFO o.a.j.s.SampleResult: sampleresult.nanoThreadSleep=5000
2025-08-31 07:22:07,230 INFO o.a.j.p.h.s.h.LazyLayeredConnectionSocketFactory: Setting up HTTPS TrustAll Socket Factory
2025-08-31 07:22:07,240 INFO o.a.j.u.JsseSSLManager: Using default SSL protocol: TLS
2025-08-31 07:22:07,240 INFO o.a.j.u.JsseSSLManager: SSL session context: per-thread
2025-08-31 07:22:07,371 INFO o.a.j.u.SSLManager: JmeterKeyStore Location:  type JKS
2025-08-31 07:22:07,376 INFO o.a.j.u.SSLManager: KeyStore created OK
2025-08-31 07:22:07,376 WARN o.a.j.u.SSLManager: Keystore file not found, loading empty keystore
2025-08-31 07:22:08,589 INFO o.a.j.t.JMeterThread: Thread started: Ramp 1-30 (45s) 1-2
2025-08-31 07:22:09,941 INFO o.a.j.t.JMeterThread: Thread is done: Ramp 1-30 (45s) 1-1
2025-08-31 07:22:09,942 INFO o.a.j.t.JMeterThread: Thread finished: Ramp 1-30 (45s) 1-1
2025-08-31 07:22:10,088 INFO o.a.j.t.JMeterThread: Thread started: Ramp 1-30 (45s) 1-3
2025-08-31 07:22:10,736 INFO o.a.j.t.JMeterThread: Thread is done: Ramp 1-30 (45s) 1-2
2025-08-31 07:22:10,737 INFO o.a.j.t.JMeterThread: Thread finished: Ramp 1-30 (45s) 1-2
2025-08-31 07:22:11,586 INFO o.a.j.t.JMeterThread: Thread started: Ramp 1-30 (45s) 1-4
2025-08-31 07:22:12,483 INFO o.a.j.t.JMeterThread: Thread is done: Ramp 1-30 (45s) 1-3
2025-08-31 07:22:12,483 INFO o.a.j.t.JMeterThread: Thread finished: Ramp 1-30 (45s) 1-3
2025-08-31 07:22:13,087 INFO o.a.j.t.JMeterThread: Thread started: Ramp 1-30 (45s) 1-5
2025-08-31 07:22:14,590 INFO o.a.j.t.JMeterThread: Thread started: Ramp 1-30 (45s) 1-6
2025-08-31 07:22:14,640 INFO o.a.j.t.JMeterThread: Thread is done: Ramp 1-30 (45s) 1-4
2025-08-31 07:22:14,640 INFO o.a.j.t.JMeterThread: Thread finished: Ramp 1-30 (45s) 1-4
2025-08-31 07:22:16,083 INFO o.a.j.t.JMeterThread: Thread started: Ramp 1-30 (45s) 1-7
2025-08-31 07:22:16,150 INFO o.a.j.t.JMeterThread: Thread is done: Ramp 1-30 (45s) 1-5
2025-08-31 07:22:16,150 INFO o.a.j.t.JMeterThread: Thread finished: Ramp 1-30 (45s) 1-5
2025-08-31 07:22:17,582 INFO o.a.j.t.JMeterThread: Thread started: Ramp 1-30 (45s) 1-8
2025-08-31 07:22:19,083 INFO o.a.j.t.JMeterThread: Thread started: Ramp 1-30 (45s) 1-9
2025-08-31 07:22:19,626 INFO o.a.j.t.JMeterThread: Thread is done: Ramp 1-30 (45s) 1-8
2025-08-31 07:22:19,626 INFO o.a.j.t.JMeterThread: Thread finished: Ramp 1-30 (45s) 1-8
2025-08-31 07:22:20,253 INFO o.a.j.t.JMeterThread: Thread is done: Ramp 1-30 (45s) 1-7
2025-08-31 07:22:20,253 INFO o.a.j.t.JMeterThread: Thread finished: Ramp 1-30 (45s) 1-7
2025-08-31 07:22:20,271 INFO o.a.j.t.JMeterThread: Thread is done: Ramp 1-30 (45s) 1-6
2025-08-31 07:22:20,271 INFO o.a.j.t.JMeterThread: Thread finished: Ramp 1-30 (45s) 1-6
2025-08-31 07:22:20,582 INFO o.a.j.t.JMeterThread: Thread started: Ramp 1-30 (45s) 1-10
2025-08-31 07:22:21,325 INFO o.a.j.t.JMeterThread: Thread is done: Ramp 1-30 (45s) 1-9
2025-08-31 07:22:21,325 INFO o.a.j.t.JMeterThread: Thread finished: Ramp 1-30 (45s) 1-9
2025-08-31 07:22:22,080 INFO o.a.j.t.JMeterThread: Thread started: Ramp 1-30 (45s) 1-11
2025-08-31 07:22:23,000 INFO o.a.j.t.JMeterThread: Thread is done: Ramp 1-30 (45s) 1-10
2025-08-31 07:22:23,000 INFO o.a.j.t.JMeterThread: Thread finished: Ramp 1-30 (45s) 1-10
2025-08-31 07:22:23,579 INFO o.a.j.t.JMeterThread: Thread started: Ramp 1-30 (45s) 1-12
2025-08-31 07:22:24,264 INFO o.a.j.t.JMeterThread: Thread is done: Ramp 1-30 (45s) 1-11
2025-08-31 07:22:24,264 INFO o.a.j.t.JMeterThread: Thread finished: Ramp 1-30 (45s) 1-11
2025-08-31 07:22:25,087 INFO o.a.j.t.JMeterThread: Thread started: Ramp 1-30 (45s) 1-13
2025-08-31 07:22:25,280 INFO o.a.j.t.JMeterThread: Thread is done: Ramp 1-30 (45s) 1-12
2025-08-31 07:22:25,280 INFO o.a.j.t.JMeterThread: Thread finished: Ramp 1-30 (45s) 1-12
2025-08-31 07:22:26,578 INFO o.a.j.t.JMeterThread: Thread started: Ramp 1-30 (45s) 1-14
2025-08-31 07:22:26,714 INFO o.a.j.t.JMeterThread: Thread is done: Ramp 1-30 (45s) 1-13
2025-08-31 07:22:26,714 INFO o.a.j.t.JMeterThread: Thread finished: Ramp 1-30 (45s) 1-13
2025-08-31 07:22:28,077 INFO o.a.j.t.JMeterThread: Thread started: Ramp 1-30 (45s) 1-15
2025-08-31 07:22:28,350 INFO o.a.j.t.JMeterThread: Thread is done: Ramp 1-30 (45s) 1-14
2025-08-31 07:22:28,350 INFO o.a.j.t.JMeterThread: Thread finished: Ramp 1-30 (45s) 1-14
2025-08-31 07:22:29,580 INFO o.a.j.t.JMeterThread: Thread started: Ramp 1-30 (45s) 1-16
2025-08-31 07:22:31,076 INFO o.a.j.t.JMeterThread: Thread started: Ramp 1-30 (45s) 1-17
2025-08-31 07:22:31,603 INFO o.a.j.r.Summariser: summary +     29 in 00:00:25 =    1.2/s Avg:  1353 Min:   284 Max:  5261 Err:    22 (75.86%) Active: 3 Started: 17 Finished: 14
2025-08-31 07:22:31,858 INFO o.a.j.t.JMeterThread: Thread is done: Ramp 1-30 (45s) 1-16
2025-08-31 07:22:31,858 INFO o.a.j.t.JMeterThread: Thread finished: Ramp 1-30 (45s) 1-16
2025-08-31 07:22:32,576 INFO o.a.j.t.JMeterThread: Thread started: Ramp 1-30 (45s) 1-18
2025-08-31 07:22:32,994 INFO o.a.j.t.JMeterThread: Thread is done: Ramp 1-30 (45s) 1-15
2025-08-31 07:22:32,995 INFO o.a.j.t.JMeterThread: Thread finished: Ramp 1-30 (45s) 1-15
2025-08-31 07:22:33,876 INFO o.a.j.t.JMeterThread: Thread is done: Ramp 1-30 (45s) 1-17
2025-08-31 07:22:33,876 INFO o.a.j.t.JMeterThread: Thread finished: Ramp 1-30 (45s) 1-17
2025-08-31 07:22:34,075 INFO o.a.j.t.JMeterThread: Thread started: Ramp 1-30 (45s) 1-19
2025-08-31 07:22:34,754 INFO o.a.j.t.JMeterThread: Thread is done: Ramp 1-30 (45s) 1-18
2025-08-31 07:22:34,754 INFO o.a.j.t.JMeterThread: Thread finished: Ramp 1-30 (45s) 1-18
2025-08-31 07:22:35,575 INFO o.a.j.t.JMeterThread: Thread started: Ramp 1-30 (45s) 1-20
2025-08-31 07:22:36,536 INFO o.a.j.t.JMeterThread: Thread is done: Ramp 1-30 (45s) 1-19
2025-08-31 07:22:36,536 INFO o.a.j.t.JMeterThread: Thread finished: Ramp 1-30 (45s) 1-19
2025-08-31 07:22:37,074 INFO o.a.j.t.JMeterThread: Thread started: Ramp 1-30 (45s) 1-21
2025-08-31 07:22:37,340 INFO o.a.j.t.JMeterThread: Thread is done: Ramp 1-30 (45s) 1-20
2025-08-31 07:22:37,340 INFO o.a.j.t.JMeterThread: Thread finished: Ramp 1-30 (45s) 1-20
2025-08-31 07:22:38,574 INFO o.a.j.t.JMeterThread: Thread started: Ramp 1-30 (45s) 1-22
2025-08-31 07:22:39,070 INFO o.a.j.t.JMeterThread: Thread is done: Ramp 1-30 (45s) 1-21
2025-08-31 07:22:39,070 INFO o.a.j.t.JMeterThread: Thread finished: Ramp 1-30 (45s) 1-21
2025-08-31 07:22:40,074 INFO o.a.j.t.JMeterThread: Thread started: Ramp 1-30 (45s) 1-23
2025-08-31 07:22:41,575 INFO o.a.j.t.JMeterThread: Thread started: Ramp 1-30 (45s) 1-24
2025-08-31 07:22:43,075 INFO o.a.j.t.JMeterThread: Thread started: Ramp 1-30 (45s) 1-25
2025-08-31 07:22:43,709 INFO o.a.j.t.JMeterThread: Thread is done: Ramp 1-30 (45s) 1-24
2025-08-31 07:22:43,709 INFO o.a.j.t.JMeterThread: Thread finished: Ramp 1-30 (45s) 1-24
2025-08-31 07:22:43,996 INFO o.a.j.t.JMeterThread: Thread is done: Ramp 1-30 (45s) 1-22
2025-08-31 07:22:43,996 INFO o.a.j.t.JMeterThread: Thread finished: Ramp 1-30 (45s) 1-22
2025-08-31 07:22:44,514 INFO o.a.j.t.JMeterThread: Thread is done: Ramp 1-30 (45s) 1-23
2025-08-31 07:22:44,515 INFO o.a.j.t.JMeterThread: Thread finished: Ramp 1-30 (45s) 1-23
2025-08-31 07:22:44,575 INFO o.a.j.t.JMeterThread: Thread started: Ramp 1-30 (45s) 1-26
2025-08-31 07:22:45,236 INFO o.a.j.t.JMeterThread: Thread is done: Ramp 1-30 (45s) 1-25
2025-08-31 07:22:45,236 INFO o.a.j.t.JMeterThread: Thread finished: Ramp 1-30 (45s) 1-25
2025-08-31 07:22:46,074 INFO o.a.j.t.JMeterThread: Thread started: Ramp 1-30 (45s) 1-27
2025-08-31 07:22:47,160 INFO o.a.j.t.JMeterThread: Thread is done: Ramp 1-30 (45s) 1-26
2025-08-31 07:22:47,160 INFO o.a.j.t.JMeterThread: Thread finished: Ramp 1-30 (45s) 1-26
2025-08-31 07:22:47,575 INFO o.a.j.t.JMeterThread: Thread started: Ramp 1-30 (45s) 1-28
2025-08-31 07:22:48,020 INFO o.a.j.t.JMeterThread: Thread is done: Ramp 1-30 (45s) 1-27
2025-08-31 07:22:48,020 INFO o.a.j.t.JMeterThread: Thread finished: Ramp 1-30 (45s) 1-27
2025-08-31 07:22:49,074 INFO o.a.j.t.JMeterThread: Thread started: Ramp 1-30 (45s) 1-29
2025-08-31 07:22:50,574 INFO o.a.j.t.JMeterThread: Thread started: Ramp 1-30 (45s) 1-30
2025-08-31 07:22:50,920 INFO o.a.j.t.JMeterThread: Thread is done: Ramp 1-30 (45s) 1-29
2025-08-31 07:22:50,920 INFO o.a.j.t.JMeterThread: Thread finished: Ramp 1-30 (45s) 1-29
2025-08-31 07:22:50,920 INFO o.a.j.t.JMeterThread: Thread is done: Ramp 1-30 (45s) 1-28
2025-08-31 07:22:50,928 INFO o.a.j.t.JMeterThread: Thread finished: Ramp 1-30 (45s) 1-28
2025-08-31 07:22:53,063 INFO o.a.j.t.JMeterThread: Thread is done: Ramp 1-30 (45s) 1-30
2025-08-31 07:22:53,063 INFO o.a.j.t.JMeterThread: Thread finished: Ramp 1-30 (45s) 1-30
2025-08-31 07:22:53,064 INFO o.a.j.e.StandardJMeterEngine: Notifying test listeners of end of test
2025-08-31 07:22:53,064 INFO o.a.j.r.Summariser: summary +     31 in 00:00:21 =    1.4/s Avg:  1377 Min:   249 Max:  5094 Err:    25 (80.65%) Active: 0 Started: 30 Finished: 30
2025-08-31 07:22:53,066 INFO o.a.j.r.Summariser: summary =     60 in 00:00:46 =    1.3/s Avg:  1366 Min:   249 Max:  5261 Err:    47 (78.33%)
2025-08-31 07:22:53,066 INFO o.a.j.JMeter: Generating Dashboard
2025-08-31 07:22:53,066 INFO o.a.j.r.d.ReportGenerator: Flushing result collector before report Generation
2025-08-31 07:22:53,090 INFO o.a.j.r.p.NormalizerSampleConsumer: Using format, 'ms', to parse timeStamp field
2025-08-31 07:22:53,220 INFO o.a.j.r.p.AbstractSampleConsumer: class org.apache.jmeter.report.processor.AggregateConsumer#stopProducing(): beginDate produced 0 samples
2025-08-31 07:22:53,220 INFO o.a.j.r.p.AbstractSampleConsumer: class org.apache.jmeter.report.processor.AggregateConsumer#stopProducing(): endDate produced 0 samples
2025-08-31 07:22:53,230 INFO o.a.j.r.p.AbstractSampleConsumer: class org.apache.jmeter.report.processor.ApdexSummaryConsumer#stopProducing(): apdexSummary produced 0 samples
2025-08-31 07:22:53,230 INFO o.a.j.r.p.AbstractSampleConsumer: class org.apache.jmeter.report.processor.RequestsSummaryConsumer#stopProducing(): requestsSummary produced 0 samples
2025-08-31 07:22:53,240 INFO o.a.j.r.p.AbstractSampleConsumer: class org.apache.jmeter.report.processor.StatisticsSummaryConsumer#stopProducing(): statisticsSummary produced 0 samples
2025-08-31 07:22:53,244 INFO o.a.j.r.p.AbstractSampleConsumer: class org.apache.jmeter.report.processor.Top5ErrorsBySamplerConsumer#stopProducing(): top5ErrorsBySampler produced 0 samples
2025-08-31 07:22:53,244 INFO o.a.j.r.p.AbstractSampleConsumer: class org.apache.jmeter.report.processor.ErrorsSummaryConsumer#stopProducing(): errorsSummary produced 0 samples
2025-08-31 07:22:53,244 INFO o.a.j.r.p.AbstractSampleConsumer: class org.apache.jmeter.report.processor.graph.impl.HitsPerSecondGraphConsumer#stopProducing(): hitsPerSecond produced 0 samples
2025-08-31 07:22:53,277 INFO o.a.j.r.p.AbstractSampleConsumer: class org.apache.jmeter.report.processor.graph.impl.LatencyVSRequestGraphConsumer#stopProducing(): latencyVsRequest produced 0 samples
2025-08-31 07:22:53,278 INFO o.a.j.r.p.AbstractSampleConsumer: class org.apache.jmeter.report.processor.graph.impl.SyntheticResponseTimeDistributionGraphConsumer#stopProducing(): syntheticResponseTimeDistribution produced 0 samples
2025-08-31 07:22:53,278 INFO o.a.j.r.p.AbstractSampleConsumer: class org.apache.jmeter.report.processor.graph.impl.BytesThroughputGraphConsumer#stopProducing(): bytesThroughputOverTime produced 0 samples
2025-08-31 07:22:53,278 INFO o.a.j.r.p.AbstractSampleConsumer: class org.apache.jmeter.report.processor.graph.impl.CodesPerSecondGraphConsumer#stopProducing(): codesPerSecond produced 0 samples
2025-08-31 07:22:53,286 INFO o.a.j.r.p.AbstractSampleConsumer: class org.apache.jmeter.report.processor.graph.impl.ResponseTimeVSRequestGraphConsumer#stopProducing(): responseTimeVsRequest produced 0 samples
2025-08-31 07:22:53,286 INFO o.a.j.r.p.AbstractSampleConsumer: class org.apache.jmeter.report.processor.FilterConsumer#stopProducing(): startIntervalControlerFilter produced 420 samples
2025-08-31 07:22:53,286 INFO o.a.j.r.p.AbstractSampleConsumer: class org.apache.jmeter.report.processor.graph.impl.TotalTPSGraphConsumer#stopProducing(): totalTPS produced 0 samples
2025-08-31 07:22:53,286 INFO o.a.j.r.p.AbstractSampleConsumer: class org.apache.jmeter.report.processor.graph.impl.ActiveThreadsGraphConsumer#stopProducing(): activeThreadsOverTime produced 0 samples
2025-08-31 07:22:53,287 INFO o.a.j.r.p.AbstractSampleConsumer: class org.apache.jmeter.report.processor.graph.impl.TimeVSThreadGraphConsumer#stopProducing(): timeVsThreads produced 0 samples
2025-08-31 07:22:53,287 INFO o.a.j.r.p.AbstractSampleConsumer: class org.apache.jmeter.report.processor.graph.impl.ResponseTimeDistributionGraphConsumer#stopProducing(): responseTimeDistribution produced 0 samples
2025-08-31 07:22:53,287 INFO o.a.j.r.p.AbstractSampleConsumer: class org.apache.jmeter.report.processor.graph.impl.TransactionsPerSecondGraphConsumer#stopProducing(): transactionsPerSecond produced 0 samples
2025-08-31 07:22:53,287 INFO o.a.j.r.p.AbstractSampleConsumer: class org.apache.jmeter.report.processor.graph.impl.ResponseTimePercentilesGraphConsumer#stopProducing(): responseTimePercentiles produced 0 samples
2025-08-31 07:22:53,287 INFO o.a.j.r.p.AbstractSampleConsumer: class org.apache.jmeter.report.processor.graph.impl.ResponseTimePercentilesOverTimeGraphConsumer#stopProducing(): responseTimePercentilesOverTime produced 0 samples
2025-08-31 07:22:53,288 INFO o.a.j.r.p.AbstractSampleConsumer: class org.apache.jmeter.report.processor.graph.impl.ResponseTimeOverTimeGraphConsumer#stopProducing(): responseTimesOverTime produced 0 samples
2025-08-31 07:22:53,288 INFO o.a.j.r.p.AbstractSampleConsumer: class org.apache.jmeter.report.processor.graph.impl.ConnectTimeOverTimeGraphConsumer#stopProducing(): connectTimeOverTime produced 0 samples
2025-08-31 07:22:53,288 INFO o.a.j.r.p.AbstractSampleConsumer: class org.apache.jmeter.report.processor.graph.impl.LatencyOverTimeGraphConsumer#stopProducing(): latenciesOverTime produced 0 samples
2025-08-31 07:22:53,288 INFO o.a.j.r.p.AbstractSampleConsumer: class org.apache.jmeter.report.processor.FilterConsumer#stopProducing(): nameFilter produced 900 samples
2025-08-31 07:22:53,288 INFO o.a.j.r.p.AbstractSampleConsumer: class org.apache.jmeter.report.processor.FilterConsumer#stopProducing(): dateRangeFilter produced 180 samples
2025-08-31 07:22:53,288 INFO o.a.j.r.p.AbstractSampleConsumer: class org.apache.jmeter.report.processor.NormalizerSampleConsumer#stopProducing(): normalizer produced 60 samples
2025-08-31 07:22:53,290 INFO o.a.j.r.p.CsvFileSampleSource: produce(): 60 samples produced in 150ms on channel 0
2025-08-31 07:22:53,290 INFO o.a.j.r.d.ReportGenerator: Exporting data using exporter:'json' of className:'org.apache.jmeter.report.dashboard.JsonExporter'
2025-08-31 07:22:53,366 INFO o.a.j.r.d.JsonExporter: Found data for consumer statisticsSummary in context
2025-08-31 07:22:53,366 INFO o.a.j.r.d.JsonExporter: Creating statistics for overall
2025-08-31 07:22:53,366 INFO o.a.j.r.d.JsonExporter: Creating statistics for other transactions
2025-08-31 07:22:53,366 INFO o.a.j.r.d.JsonExporter: Checking output folder
2025-08-31 07:22:53,366 INFO o.a.j.r.d.JsonExporter: Writing statistics JSON to C:\Users\User\OneDrive\Documentos\AUTOMATIZACIONES\cypress-proyecto base\jmeter\.\report\statistics.json
2025-08-31 07:22:53,423 INFO o.a.j.r.d.ReportGenerator: Exporting data using exporter:'html' of className:'org.apache.jmeter.report.dashboard.HtmlTemplateExporter'
2025-08-31 07:22:53,430 INFO o.a.j.r.d.HtmlTemplateExporter: Will generate dashboard in folder: C:\Users\User\OneDrive\Documentos\AUTOMATIZACIONES\cypress-proyecto base\jmeter\.\report
2025-08-31 07:22:53,553 INFO o.a.j.r.d.HtmlTemplateExporter: Report will be generated in: C:\Users\User\OneDrive\Documentos\AUTOMATIZACIONES\cypress-proyecto base\jmeter\.\report, creating folder structure
2025-08-31 07:22:53,555 INFO o.a.j.r.d.TemplateVisitor: Copying folder from 'C:\apache-jmeter-5.6.3\bin\report-template' to 'C:\Users\User\OneDrive\Documentos\AUTOMATIZACIONES\cypress-proyecto base\jmeter\.\report', got message: C:\Users\User\OneDrive\Documentos\AUTOMATIZACIONES\cypress-proyecto base\jmeter\.\report, found non empty folder with following content [C:\Users\User\OneDrive\Documentos\AUTOMATIZACIONES\cypress-proyecto base\jmeter\.\report\statistics.json], will be ignored
2025-08-31 07:22:54,299 INFO o.a.j.JMeter: Dashboard generated
